* using log directory ‘/home/javier/Desktop/FlowRegEnvCost.Rcheck’
* using R version 3.4.1 (2017-06-30)
* using platform: x86_64-pc-linux-gnu (64-bit)
* using session charset: UTF-8
* using option ‘--as-cran’
* checking for file ‘FlowRegEnvCost/DESCRIPTION’ ... OK
* checking extension type ... Package
* this is package ‘FlowRegEnvCost’ version ‘0.1.0’
* package encoding: UTF-8
* checking CRAN incoming feasibility ... WARNING
Maintainer: ‘Silvestre García de Jalón <silvestre.garciadejalon@bc3research.org>; Javier Martínez-López <javier.martinez@bc3research.org>’

The maintainer field is invalid or specifies more than one person

New submission

The Title field should be in title case, current version then in title case:
‘The environmental costs of flow regulaation’
‘The Environmental Costs of Flow Regulaation’
* checking package namespace information ... OK
* checking package dependencies ... OK
* checking if this is a source package ... OK
* checking if there is a namespace ... OK
* checking for executable files ... OK
* checking for hidden files and directories ... OK
* checking for portable file names ... OK
* checking for sufficient/correct file permissions ... OK
* checking whether package ‘FlowRegEnvCost’ can be installed ... OK
* checking installed package size ... OK
* checking package directory ... OK
* checking DESCRIPTION meta-information ... NOTE
License components which are templates and need '+ file LICENSE':
  MIT
* checking top-level files ... NOTE
Files ‘README.md’ or ‘NEWS.md’ cannot be checked without ‘pandoc’ being installed.
File
  LICENSE
is not mentioned in the DESCRIPTION file.
Non-standard file/directory found at top level:
  ‘build_test.sh’
* checking for left-over files ... OK
* checking index information ... OK
* checking package subdirectories ... OK
* checking R files for non-ASCII characters ... OK
* checking R files for syntax errors ... OK
* checking whether the package can be loaded ... OK
* checking whether the package can be loaded with stated dependencies ... OK
* checking whether the package can be unloaded cleanly ... OK
* checking whether the namespace can be loaded with stated dependencies ... OK
* checking whether the namespace can be unloaded cleanly ... OK
* checking loading without being on the library search path ... OK
* checking use of S3 registration ... OK
* checking dependencies in R code ... WARNING
'library' or 'require' calls not declared from:
  ‘plotrix’ ‘zoo’
'library' or 'require' calls in package code:
  ‘plotrix’ ‘zoo’
  Please use :: or requireNamespace() instead.
  See section 'Suggested packages' in the 'Writing R Extensions' manual.
* checking S3 generic/method consistency ... OK
* checking replacement functions ... OK
* checking foreign function calls ... OK
* checking R code for possible problems ... NOTE
f_adm_range4: no visible binding for global variable ‘p10’
f_adm_range4: no visible global function definition for ‘rollmean’
f_adm_range4: no visible binding for global variable ‘p90’
f_daily_costs_plot6: no visible global function definition for ‘plot’
f_daily_costs_plot6: no visible global function definition for ‘lines’
f_daily_costs_plot6: no visible global function definition for ‘legend’
f_daily_costs_plot6: no visible global function definition for ‘mtext’
f_daily_costs_plot6: no visible global function definition for ‘axis’
f_impact5: no visible global function definition for ‘rollapply’
f_impact5: no visible binding for global variable ‘median’
f_multi_plot_impact5: no visible global function definition for
  ‘rollapply’
f_multi_plot_impact5: no visible binding for global variable ‘median’
f_multi_plot_impact5: no visible global function definition for ‘par’
f_multi_plot_impact5: no visible global function definition for ‘plot’
f_multi_plot_impact5: no visible global function definition for ‘mtext’
f_multi_plot_impact5: no visible global function definition for
  ‘polygon’
f_multi_plot_impact5: no visible global function definition for ‘lines’
f_multi_plot_impact5: no visible global function definition for ‘axis’
f_multi_plot_impact7: no visible global function definition for ‘par’
f_plot_adm_range4: no visible binding for global variable ‘p10’
f_plot_adm_range4: no visible global function definition for ‘rollmean’
f_plot_adm_range4: no visible binding for global variable ‘p90’
f_plot_adm_range4: no visible global function definition for ‘plot’
f_plot_adm_range4: no visible global function definition for ‘mtext’
f_plot_adm_range4: no visible global function definition for ‘legend’
f_plot_adm_range4: no visible global function definition for ‘polygon’
f_plot_adm_range4: no visible global function definition for ‘lines’
f_plot_adm_range4: no visible global function definition for ‘axis’
f_plot_impact5: no visible global function definition for ‘rollapply’
f_plot_impact5: no visible binding for global variable ‘median’
f_plot_impact5: no visible global function definition for ‘par’
f_plot_impact5: no visible global function definition for ‘plot’
f_plot_impact5: no visible global function definition for ‘mtext’
f_plot_impact5: no visible global function definition for ‘polygon’
f_plot_impact5: no visible global function definition for ‘lines’
f_plot_impact5: no visible global function definition for ‘axis’
f_summary_flow3: no visible binding for global variable ‘median’
f_summary_flow3: no visible binding for global variable ‘quantile’
f_years2: no visible binding for global variable ‘data0’
Undefined global functions or variables:
  axis data0 legend lines median mtext p10 p90 par plot polygon
  quantile rollapply rollmean
Consider adding
  importFrom("graphics", "axis", "legend", "lines", "mtext", "par",
             "plot", "polygon")
  importFrom("stats", "median", "quantile")
to your NAMESPACE file.
* checking Rd files ... OK
* checking Rd metadata ... OK
* checking Rd line widths ... OK
* checking Rd cross-references ... OK
* checking for missing documentation entries ... OK
* checking for code/documentation mismatches ... OK
* checking Rd \usage sections ... OK
* checking Rd contents ... OK
* checking for unstated dependencies in examples ... OK
* checking examples ... NONE
* checking PDF version of manual ... OK
* checking for code which exercises the package ... WARNING
No examples, no tests, no vignettes
* DONE
Status: 3 WARNINGs, 3 NOTEs
